# JRE version: Java(TM) SE Runtime Environment (8.0_102-b14) (build 1.8.0_102-b14)
# Java VM: Java HotSpot(TM) 64-Bit Server VM (25.102-b14 mixed mode windows-amd64 compressed oops)
Heap:
 PSYoungGen      total 75776K, used 41895K [0x000000076b980000, 0x0000000770e00000, 0x00000007c0000000)
  eden space 65024K, 64% used [0x000000076b980000,0x000000076e269cb8,0x000000076f900000)
  from space 10752K, 0% used [0x0000000770380000,0x0000000770380000,0x0000000770e00000)
  to   space 10752K, 0% used [0x000000076f900000,0x000000076f900000,0x0000000770380000)
 ParOldGen       total 117760K, used 24604K [0x00000006c2c00000, 0x00000006c9f00000, 0x000000076b980000)
  object space 117760K, 20% used [0x00000006c2c00000,0x00000006c44073f0,0x00000006c9f00000)
 Metaspace       used 22122K, capacity 22578K, committed 22960K, reserved 1069056K
  class space    used 2581K, capacity 2714K, committed 2816K, reserved 1048576K
GC Heap History (10 events):
Event: 0.765 GC heap before
{Heap before GC invocations=1 (full 0):
 PSYoungGen      total 75776K, used 65024K [0x000000076b980000, 0x0000000770e00000, 0x00000007c0000000)
  eden space 65024K, 100% used [0x000000076b980000,0x000000076f900000,0x000000076f900000)
  from space 10752K, 0% used [0x0000000770380000,0x0000000770380000,0x0000000770e00000)
  to   space 10752K, 0% used [0x000000076f900000,0x000000076f900000,0x0000000770380000)
 ParOldGen       total 173568K, used 0K [0x00000006c2c00000, 0x00000006cd580000, 0x000000076b980000)
  object space 173568K, 0% used [0x00000006c2c00000,0x00000006c2c00000,0x00000006cd580000)
 Metaspace       used 11969K, capacity 12124K, committed 12416K, reserved 1060864K
  class space    used 1530K, capacity 1607K, committed 1664K, reserved 1048576K
Event: 0.772 GC heap after
Heap after GC invocations=1 (full 0):
 PSYoungGen      total 75776K, used 10613K [0x000000076b980000, 0x0000000770e00000, 0x00000007c0000000)
  eden space 65024K, 0% used [0x000000076b980000,0x000000076b980000,0x000000076f900000)
  from space 10752K, 98% used [0x000000076f900000,0x000000077035d7e8,0x0000000770380000)
  to   space 10752K, 0% used [0x0000000770380000,0x0000000770380000,0x0000000770e00000)
 ParOldGen       total 173568K, used 16K [0x00000006c2c00000, 0x00000006cd580000, 0x000000076b980000)
  object space 173568K, 0% used [0x00000006c2c00000,0x00000006c2c04000,0x00000006cd580000)
 Metaspace       used 11969K, capacity 12124K, committed 12416K, reserved 1060864K
  class space    used 1530K, capacity 1607K, committed 1664K, reserved 1048576K
}
Event: 3.821 GC heap before
{Heap before GC invocations=2 (full 0):
 PSYoungGen      total 75776K, used 75637K [0x000000076b980000, 0x0000000770e00000, 0x00000007c0000000)
  eden space 65024K, 100% used [0x000000076b980000,0x000000076f900000,0x000000076f900000)
  from space 10752K, 98% used [0x000000076f900000,0x000000077035d7e8,0x0000000770380000)
  to   space 10752K, 0% used [0x0000000770380000,0x0000000770380000,0x0000000770e00000)
 ParOldGen       total 173568K, used 16K [0x00000006c2c00000, 0x00000006cd580000, 0x000000076b980000)
  object space 173568K, 0% used [0x00000006c2c00000,0x00000006c2c04000,0x00000006cd580000)
 Metaspace       used 16055K, capacity 16486K, committed 16768K, reserved 1064960K
  class space    used 1947K, capacity 2066K, committed 2176K, reserved 1048576K
Event: 3.827 GC heap after
Heap after GC invocations=2 (full 0):
 PSYoungGen      total 75776K, used 9288K [0x000000076b980000, 0x0000000770e00000, 0x00000007c0000000)
  eden space 65024K, 0% used [0x000000076b980000,0x000000076b980000,0x000000076f900000)
  from space 10752K, 86% used [0x0000000770380000,0x0000000770c920f0,0x0000000770e00000)
  to   space 10752K, 0% used [0x000000076f900000,0x000000076f900000,0x0000000770380000)
 ParOldGen       total 173568K, used 32K [0x00000006c2c00000, 0x00000006cd580000, 0x000000076b980000)
  object space 173568K, 0% used [0x00000006c2c00000,0x00000006c2c08000,0x00000006cd580000)
 Metaspace       used 16055K, capacity 16486K, committed 16768K, reserved 1064960K
  class space    used 1947K, capacity 2066K, committed 2176K, reserved 1048576K
}
Event: 10.348 GC heap before
{Heap before GC invocations=3 (full 0):
 PSYoungGen      total 75776K, used 74312K [0x000000076b980000, 0x0000000770e00000, 0x00000007c0000000)
  eden space 65024K, 100% used [0x000000076b980000,0x000000076f900000,0x000000076f900000)
  from space 10752K, 86% used [0x0000000770380000,0x0000000770c920f0,0x0000000770e00000)
  to   space 10752K, 0% used [0x000000076f900000,0x000000076f900000,0x0000000770380000)
 ParOldGen       total 173568K, used 32K [0x00000006c2c00000, 0x00000006cd580000, 0x000000076b980000)
  object space 173568K, 0% used [0x00000006c2c00000,0x00000006c2c08000,0x00000006cd580000)
 Metaspace       used 20549K, capacity 20946K, committed 21120K, reserved 1067008K
  class space    used 2486K, capacity 2618K, committed 2688K, reserved 1048576K
Event: 10.360 GC heap after
Heap after GC invocations=3 (full 0):
 PSYoungGen      total 75776K, used 10732K [0x000000076b980000, 0x0000000770e00000, 0x00000007c0000000)
  eden space 65024K, 0% used [0x000000076b980000,0x000000076b980000,0x000000076f900000)
  from space 10752K, 99% used [0x000000076f900000,0x000000077037b038,0x0000000770380000)
  to   space 10752K, 0% used [0x0000000770380000,0x0000000770380000,0x0000000770e00000)
 ParOldGen       total 173568K, used 10649K [0x00000006c2c00000, 0x00000006cd580000, 0x000000076b980000)
  object space 173568K, 6% used [0x00000006c2c00000,0x00000006c36664f8,0x00000006cd580000)
 Metaspace       used 20549K, capacity 20946K, committed 21120K, reserved 1067008K
  class space    used 2486K, capacity 2618K, committed 2688K, reserved 1048576K
}
Event: 10.737 GC heap before
{Heap before GC invocations=4 (full 0):
 PSYoungGen      total 75776K, used 25137K [0x000000076b980000, 0x0000000770e00000, 0x00000007c0000000)
  eden space 65024K, 22% used [0x000000076b980000,0x000000076c7917c0,0x000000076f900000)
  from space 10752K, 99% used [0x000000076f900000,0x000000077037b038,0x0000000770380000)
  to   space 10752K, 0% used [0x0000000770380000,0x0000000770380000,0x0000000770e00000)
 ParOldGen       total 173568K, used 10649K [0x00000006c2c00000, 0x00000006cd580000, 0x000000076b980000)
  object space 173568K, 6% used [0x00000006c2c00000,0x00000006c36664f8,0x00000006cd580000)
 Metaspace       used 20769K, capacity 21170K, committed 21296K, reserved 1069056K
  class space    used 2501K, capacity 2650K, committed 2688K, reserved 1048576K
Event: 10.748 GC heap after
Heap after GC invocations=4 (full 0):
 PSYoungGen      total 75776K, used 10737K [0x000000076b980000, 0x0000000770e00000, 0x00000007c0000000)
  eden space 65024K, 0% used [0x000000076b980000,0x000000076b980000,0x000000076f900000)
  from space 10752K, 99% used [0x0000000770380000,0x0000000770dfc6c8,0x0000000770e00000)
  to   space 10752K, 0% used [0x000000076f900000,0x000000076f900000,0x0000000770380000)
 ParOldGen       total 173568K, used 15594K [0x00000006c2c00000, 0x00000006cd580000, 0x000000076b980000)
  object space 173568K, 8% used [0x00000006c2c00000,0x00000006c3b3a8b8,0x00000006cd580000)
 Metaspace       used 20769K, capacity 21170K, committed 21296K, reserved 1069056K
  class space    used 2501K, capacity 2650K, committed 2688K, reserved 1048576K
}
Event: 10.748 GC heap before
{Heap before GC invocations=5 (full 1):
 PSYoungGen      total 75776K, used 10737K [0x000000076b980000, 0x0000000770e00000, 0x00000007c0000000)
  eden space 65024K, 0% used [0x000000076b980000,0x000000076b980000,0x000000076f900000)
  from space 10752K, 99% used [0x0000000770380000,0x0000000770dfc6c8,0x0000000770e00000)
  to   space 10752K, 0% used [0x000000076f900000,0x000000076f900000,0x0000000770380000)
 ParOldGen       total 173568K, used 15594K [0x00000006c2c00000, 0x00000006cd580000, 0x000000076b980000)
  object space 173568K, 8% used [0x00000006c2c00000,0x00000006c3b3a8b8,0x00000006cd580000)
 Metaspace       used 20769K, capacity 21170K, committed 21296K, reserved 1069056K
  class space    used 2501K, capacity 2650K, committed 2688K, reserved 1048576K
Event: 10.788 GC heap after
Heap after GC invocations=5 (full 1):
 PSYoungGen      total 75776K, used 0K [0x000000076b980000, 0x0000000770e00000, 0x00000007c0000000)
  eden space 65024K, 0% used [0x000000076b980000,0x000000076b980000,0x000000076f900000)
  from space 10752K, 0% used [0x0000000770380000,0x0000000770380000,0x0000000770e00000)
  to   space 10752K, 0% used [0x000000076f900000,0x000000076f900000,0x0000000770380000)
 ParOldGen       total 117760K, used 24604K [0x00000006c2c00000, 0x00000006c9f00000, 0x000000076b980000)
  object space 117760K, 20% used [0x00000006c2c00000,0x00000006c44073f0,0x00000006c9f00000)
 Metaspace       used 20769K, capacity 21170K, committed 21296K, reserved 1069056K
  class space    used 2501K, capacity 2650K, committed 2688K, reserved 1048576K
}

